#
# There is insufficient memory for the Java Runtime Environment to continue.
# Native memory allocation (malloc) failed to allocate 807376 bytes for Chunk::new
# Possible reasons:
#   The system is out of physical RAM or swap space
#   In 32 bit mode, the process size limit was hit
# Possible solutions:
#   Reduce memory load on the system
#   Increase physical memory or swap space
#   Check if swap backing store is full
#   Use 64 bit Java on a 64 bit OS
#   Decrease Java heap size (-Xmx/-Xms)
#   Decrease number of Java threads
#   Decrease Java thread stack sizes (-Xss)
#   Set larger code cache with -XX:ReservedCodeCacheSize=
# This output file may be truncated or incomplete.
#
#  Out of Memory Error (allocation.cpp:323), pid=8844, tid=8996
#
# JRE version: Java(TM) SE Runtime Environment (7.0_51-b13) (build 1.7.0_51-b13)
# Java VM: Java HotSpot(TM) 64-Bit Server VM (24.51-b03 mixed mode windows-amd64 compressed oops)
# Failed to write core dump. Minidumps are not enabled by default on client versions of Windows
#

---------------  T H R E A D  ---------------

Current thread (0x0000000009983000):  JavaThread "C2 CompilerThread0" daemon [_thread_in_native, id=8996, stack(0x000000000af00000,0x000000000b000000)]

Stack: [0x000000000af00000,0x000000000b000000]

Current CompileTask:
C2:  84728  158   !         java.awt.EventDispatchThread::pumpOneEventForFilters (295 bytes)


---------------  P R O C E S S  ---------------

Java Threads: ( => current thread )
  0x000000000b4f8800 JavaThread "TimerQueue" daemon [_thread_blocked, id=8392, stack(0x000000000c800000,0x000000000c900000)]
  0x0000000002980800 JavaThread "DestroyJavaVM" [_thread_blocked, id=6960, stack(0x00000000027d0000,0x00000000028d0000)]
  0x000000000b494800 JavaThread "AWT-EventQueue-0" [_thread_blocked, id=9116, stack(0x000000000be90000,0x000000000bf90000)]
  0x00000000099ca000 JavaThread "AWT-Windows" daemon [_thread_in_native, id=7764, stack(0x000000000b900000,0x000000000ba00000)]
  0x00000000099c9800 JavaThread "AWT-Shutdown" [_thread_blocked, id=644, stack(0x000000000b800000,0x000000000b900000)]
  0x00000000099fe800 JavaThread "Java2D Disposer" daemon [_thread_blocked, id=8660, stack(0x000000000b700000,0x000000000b800000)]
  0x0000000009990800 JavaThread "Service Thread" daemon [_thread_blocked, id=4608, stack(0x000000000b100000,0x000000000b200000)]
  0x0000000009988800 JavaThread "C2 CompilerThread1" daemon [_thread_blocked, id=5796, stack(0x000000000b000000,0x000000000b100000)]
=>0x0000000009983000 JavaThread "C2 CompilerThread0" daemon [_thread_in_native, id=8996, stack(0x000000000af00000,0x000000000b000000)]
  0x0000000009982000 JavaThread "Attach Listener" daemon [_thread_blocked, id=3780, stack(0x000000000ae00000,0x000000000af00000)]
  0x000000000997f000 JavaThread "Signal Dispatcher" daemon [_thread_blocked, id=80, stack(0x000000000ad00000,0x000000000ae00000)]
  0x000000000994c000 JavaThread "Finalizer" daemon [_thread_blocked, id=5804, stack(0x000000000ac00000,0x000000000ad00000)]
  0x0000000009942000 JavaThread "Reference Handler" daemon [_thread_blocked, id=7876, stack(0x000000000ab00000,0x000000000ac00000)]

Other Threads:
  0x0000000009940000 VMThread [stack: 0x000000000aa00000,0x000000000ab00000] [id=1908]
  0x00000000099ad800 WatcherThread [stack: 0x000000000b200000,0x000000000b300000] [id=3792]

VM state:not at safepoint (normal execution)

VM Mutex/Monitor currently owned by a thread: None

Heap
 PSYoungGen      total 28160K, used 19256K [0x00000000e1400000, 0x00000000e3300000, 0x0000000100000000)
  eden space 24576K, 78% used [0x00000000e1400000,0x00000000e26ce350,0x00000000e2c00000)
  from space 3584K, 0% used [0x00000000e2f80000,0x00000000e2f80000,0x00000000e3300000)
  to   space 3584K, 0% used [0x00000000e2c00000,0x00000000e2c00000,0x00000000e2f80000)
 ParOldGen       total 62976K, used 0K [0x00000000a3c00000, 0x00000000a7980000, 0x00000000e1400000)
  object space 62976K, 0% used [0x00000000a3c00000,0x00000000a3c00000,0x00000000a7980000)
 PSPermGen       total 21504K, used 11852K [0x000000009ea00000, 0x000000009ff00000, 0x00000000a3c00000)
  object space 21504K, 55% used [0x000000009ea00000,0x000000009f593298,0x000000009ff00000)

Card table byte_map: [0x0000000005b40000,0x0000000005e50000] byte_map_base: 0x000000000564b000

Polling page: 0x0000000000a20000

Code Cache  [0x0000000002a80000, 0x0000000002cf0000, 0x0000000005a80000)
 total_blobs=595 nmethods=157 adapters=390 free_code_cache=48434Kb largest_free_block=49571776

Compilation events (10 events):
Event: 81.929 Thread 0x0000000009988800 nmethod 152 0x0000000002b34b10 code [0x0000000002b34c40, 0x0000000002b34cb8]
Event: 82.136 Thread 0x0000000009983000  153             java.awt.EventQueue::eventToCacheIndex (69 bytes)
Event: 82.138 Thread 0x0000000009983000 nmethod 153 0x0000000002b34810 code [0x0000000002b34960, 0x0000000002b34a38]
Event: 82.406 Thread 0x0000000009988800  154             javax.swing.Timer::getLock (5 bytes)
Event: 82.406 Thread 0x0000000009988800 nmethod 154 0x0000000002b34610 code [0x0000000002b34740, 0x0000000002b34798]
Event: 83.414 Thread 0x0000000009983000  156             sun.awt.SunHints$Value::hashCode (5 bytes)
Event: 83.416 Thread 0x0000000009983000 nmethod 156 0x0000000002b35010 code [0x0000000002b35160, 0x0000000002b351e8]
Event: 83.447 Thread 0x0000000009988800  157             java.awt.font.FontRenderContext::equals (127 bytes)
Event: 83.454 Thread 0x0000000009988800 nmethod 157 0x0000000002b2af90 code [0x0000000002b2b120, 0x0000000002b2b300]
Event: 84.572 Thread 0x0000000009983000  158   !         java.awt.EventDispatchThread::pumpOneEventForFilters (295 bytes)

GC Heap History (0 events):
No events

Deoptimization events (5 events):
Event: 2.086 Thread 0x000000000b494800 Uncommon trap: reason=class_check action=maybe_recompile pc=0x0000000002af4384 method=java.lang.String.equals(Ljava/lang/Object;)Z @ 8
Event: 2.086 Thread 0x000000000b494800 Uncommon trap: reason=class_check action=maybe_recompile pc=0x0000000002af4384 method=java.lang.String.equals(Ljava/lang/Object;)Z @ 8
Event: 2.160 Thread 0x000000000b494800 Uncommon trap: reason=class_check action=maybe_recompile pc=0x0000000002af4384 method=java.lang.String.equals(Ljava/lang/Object;)Z @ 8
Event: 2.160 Thread 0x000000000b494800 Uncommon trap: reason=class_check action=maybe_recompile pc=0x0000000002af4384 method=java.lang.String.equals(Ljava/lang/Object;)Z @ 8
Event: 48.514 Thread 0x000000000b494800 Uncommon trap: reason=null_check action=make_not_entrant pc=0x0000000002b1d6b0 method=javax.swing.RepaintManager.extendDirtyRegion(Ljava/awt/Component;IIII)Z @ 10

Internal exceptions (10 events):
Event: 6.671 Thread 0x000000000b494800 Threw 0x00000000e1b367f8 at C:\re\jdk7u51\527\hotspot\src\share\vm\prims\jvm.cpp:1244
Event: 6.672 Thread 0x000000000b494800 Threw 0x00000000e1b37cc0 at C:\re\jdk7u51\527\hotspot\src\share\vm\prims\jvm.cpp:1244
Event: 6.672 Thread 0x000000000b494800 Threw 0x00000000e1b38ad8 at C:\re\jdk7u51\527\hotspot\src\share\vm\prims\jvm.cpp:1244
Event: 6.672 Thread 0x000000000b494800 Threw 0x00000000e1b3a058 at C:\re\jdk7u51\527\hotspot\src\share\vm\prims\jvm.cpp:1244
Event: 6.673 Thread 0x000000000b494800 Threw 0x00000000e1b3aed0 at C:\re\jdk7u51\527\hotspot\src\share\vm\prims\jvm.cpp:1244
Event: 6.675 Thread 0x000000000b494800 Threw 0x00000000e1b3d6f8 at C:\re\jdk7u51\527\hotspot\src\share\vm\prims\jvm.cpp:1244
Event: 6.681 Thread 0x000000000b494800 Threw 0x00000000e1b4d4e8 at C:\re\jdk7u51\527\hotspot\src\share\vm\prims\jvm.cpp:1244
Event: 6.684 Thread 0x000000000b494800 Threw 0x00000000e1b4f700 at C:\re\jdk7u51\527\hotspot\src\share\vm\prims\jvm.cpp:1244
Event: 6.689 Thread 0x000000000b494800 Threw 0x00000000e1b535d0 at C:\re\jdk7u51\527\hotspot\src\share\vm\prims\jvm.cpp:1244
Event: 48.514 Thread 0x000000000b494800 Implicit null exception at 0x0000000002b1d3c8 to 0x0000000002b1d6a6

Events (10 events):
Event: 6.684 loading class 0x000000000b5064e0 done
Event: 6.689 loading class 0x000000000b4a5f00
Event: 6.689 loading class 0x000000000b4a5f00 done
Event: 6.692 loading class 0x000000000b41c840
Event: 6.692 loading class 0x000000000b41c840 done
Event: 7.170 loading class 0x00000000099d3db0
Event: 7.170 loading class 0x00000000099d3db0 done
Event: 48.514 Thread 0x000000000b494800 Uncommon trap: trap_request=0xfffffff4 fr.pc=0x0000000002b1d6b0
Event: 48.514 Thread 0x000000000b494800 DEOPT PACKING pc=0x0000000002b1d6b0 sp=0x000000000bf8e190
Event: 48.514 Thread 0x000000000b494800 DEOPT UNPACKING pc=0x0000000002ab75a4 sp=0x000000000bf8e0d8 mode 2


Dynamic libraries:
0x000007f7ff380000 - 0x000007f7ff3b3000 	C:\Program Files\Java\jre7\bin\javaw.exe
0x000007ff05510000 - 0x000007ff056d0000 	C:\Windows\SYSTEM32\ntdll.dll
0x000007ff029f0000 - 0x000007ff02b26000 	C:\Windows\system32\KERNEL32.DLL
0x000007ff02490000 - 0x000007ff02583000 	C:\Windows\system32\KERNELBASE.dll
0x000007ff04ec0000 - 0x000007ff04f9e000 	C:\Windows\system32\ADVAPI32.dll
0x000007ff053c0000 - 0x000007ff0550c000 	C:\Windows\system32\USER32.dll
0x000007ff000d0000 - 0x000007ff0033a000 	C:\Windows\WinSxS\amd64_microsoft.windows.common-controls_6595b64144ccf1df_6.0.9200.16579_none_418ab7ef718b27ef\COMCTL32.dll
0x000007ff04e10000 - 0x000007ff04eb5000 	C:\Windows\system32\msvcrt.dll
0x000007ff04b90000 - 0x000007ff04bd8000 	C:\Windows\SYSTEM32\sechost.dll
0x000007ff04a40000 - 0x000007ff04b85000 	C:\Windows\system32\RPCRT4.dll
0x000007ff04470000 - 0x000007ff045b1000 	C:\Windows\system32\GDI32.dll
0x000007ff04800000 - 0x000007ff04839000 	C:\Windows\system32\IMM32.DLL
0x000007ff02d10000 - 0x000007ff02e25000 	C:\Windows\system32\MSCTF.dll
0x000007ff02380000 - 0x000007ff023af000 	C:\Windows\system32\nvinitx.dll
0x000000000f000000 - 0x000000000f006000 	C:\Program Files\NVIDIA Corporation\CoProcManager\detoured.dll
0x000007feffd90000 - 0x000007feffdef000 	C:\Program Files\NVIDIA Corporation\CoProcManager\nvd3d9wrapx.dll
0x000007ff02b30000 - 0x000007ff02d00000 	C:\Windows\system32\SETUPAPI.dll
0x000007ff028b0000 - 0x000007ff028ff000 	C:\Windows\system32\CFGMGR32.dll
0x000007ff026a0000 - 0x000007ff026c2000 	C:\Windows\system32\DEVOBJ.dll
0x000007feffd40000 - 0x000007feffd86000 	C:\Program Files\NVIDIA Corporation\CoProcManager\nvdxgiwrapx.dll
0x00000000740a0000 - 0x0000000074172000 	C:\Program Files\Java\jre7\bin\msvcr100.dll
0x00000000730c0000 - 0x0000000073889000 	C:\Program Files\Java\jre7\bin\server\jvm.dll
0x000007fefa4c0000 - 0x000007fefa4c9000 	C:\Windows\SYSTEM32\WSOCK32.dll
0x000007fefee10000 - 0x000007fefee30000 	C:\Windows\SYSTEM32\WINMM.dll
0x000007ff02d00000 - 0x000007ff02d07000 	C:\Windows\system32\PSAPI.DLL
0x000007ff049e0000 - 0x000007ff04a38000 	C:\Windows\system32\WS2_32.dll
0x000007fefed60000 - 0x000007fefed92000 	C:\Windows\SYSTEM32\WINMMBASE.dll
0x000007ff05150000 - 0x000007ff05159000 	C:\Windows\system32\NSI.dll
0x0000000074090000 - 0x000000007409f000 	C:\Program Files\Java\jre7\bin\verify.dll
0x0000000074060000 - 0x0000000074088000 	C:\Program Files\Java\jre7\bin\java.dll
0x0000000074040000 - 0x0000000074055000 	C:\Program Files\Java\jre7\bin\zip.dll
0x00000000726e0000 - 0x0000000072875000 	C:\Program Files\Java\jre7\bin\awt.dll
0x000007ff02920000 - 0x000007ff029e3000 	C:\Windows\system32\OLEAUT32.dll
0x000007ff04fa0000 - 0x000007ff05150000 	C:\Windows\system32\combase.dll
0x000007fefc370000 - 0x000007fefc40f000 	C:\Windows\system32\apphelp.dll
0x000007ff01180000 - 0x000007ff01266000 	C:\Windows\system32\uxtheme.dll
0x000007ff00c70000 - 0x000007ff00c91000 	C:\Windows\SYSTEM32\dwmapi.dll
0x000007ff04c80000 - 0x000007ff04dfe000 	C:\Windows\system32\ole32.dll
0x000007ff021d0000 - 0x000007ff021da000 	C:\Windows\SYSTEM32\CRYPTBASE.dll
0x000007ff02170000 - 0x000007ff021cc000 	C:\Windows\SYSTEM32\bcryptPrimitives.dll
0x000007ff03130000 - 0x000007ff04410000 	C:\Windows\system32\SHELL32.dll
0x000007ff05160000 - 0x000007ff051b0000 	C:\Windows\system32\SHLWAPI.dll
0x000007ff01550000 - 0x000007ff015e6000 	C:\Windows\SYSTEM32\shcore.dll
0x0000000073df0000 - 0x0000000073e37000 	C:\Program Files\Java\jre7\bin\fontmanager.dll
0x0000000074020000 - 0x0000000074039000 	C:\Program Files\Java\jre7\bin\net.dll
0x000007ff01be0000 - 0x000007ff01c3c000 	C:\Windows\system32\mswsock.dll
0x0000000074000000 - 0x0000000074011000 	C:\Program Files\Java\jre7\bin\nio.dll
0x000007ff04be0000 - 0x000007ff04c76000 	C:\Windows\SYSTEM32\clbcatq.dll
0x000007feff480000 - 0x000007feff613000 	C:\Windows\SYSTEM32\WindowsCodecs.dll
0x000007ff023c0000 - 0x000007ff023d5000 	C:\Windows\SYSTEM32\profapi.dll
0x0000000072690000 - 0x00000000726d1000 	C:\Program Files\Java\jre7\bin\t2k.dll
0x000007ff01a20000 - 0x000007ff01ab8000 	C:\Windows\SYSTEM32\DNSAPI.dll
0x000007fef95a0000 - 0x000007fef95a8000 	C:\Windows\System32\rasadhlp.dll
0x000007fefc810000 - 0x000007fefc871000 	C:\Windows\System32\fwpuclnt.dll

VM Arguments:
jvm_args: -Dfile.encoding=Cp1250 
java_command: GUI.AddEmpl_dlg
Launcher Type: SUN_STANDARD

Environment Variables:
PATH=C:\Program Files (x86)\NVIDIA Corporation\PhysX\Common;C:\Program Files (x86)\Intel\iCLS Client\;C:\Program Files\Intel\iCLS Client\;C:\Windows\system32;C:\Windows;C:\Windows\System32\Wbem;C:\Windows\System32\WindowsPowerShell\v1.0\;C:\Program Files\Intel\WiFi\bin\;C:\Program Files\Common Files\Intel\WirelessCommon\;C:\Program Files\Intel\Intel(R) Management Engine Components\DAL;C:\Program Files\Intel\Intel(R) Management Engine Components\IPT;C:\Program Files (x86)\Intel\Intel(R) Management Engine Components\DAL;C:\Program Files (x86)\Intel\Intel(R) Management Engine Components\IPT;C:\Program Files (x86)\Intel\OpenCL SDK\3.0\bin\x86;C:\Program Files (x86)\Intel\OpenCL SDK\3.0\bin\x64;C:\Program Files (x86)\Windows Kits\8.1\Windows Performance Toolkit\;C:\Program Files\Microsoft SQL Server\110\Tools\Binn\;C:\Program Files\TortoiseGit\bin;
USERNAME=Tomas
OS=Windows_NT
PROCESSOR_IDENTIFIER=Intel64 Family 6 Model 60 Stepping 3, GenuineIntel



---------------  S Y S T E M  ---------------

OS: Windows 8 , 64 bit Build 9200 

CPU:total 4 (2 cores per cpu, 2 threads per core) family 6 model 60 stepping 3, cmov, cx8, fxsr, mmx, sse, sse2, sse3, ssse3, sse4.1, sse4.2, popcnt, avx, avx2, aes, erms, ht, tsc, tscinvbit

Memory: 4k page, physical 6037780k(2815252k free), swap 6037780k(5884k free)

vm_info: Java HotSpot(TM) 64-Bit Server VM (24.51-b03) for windows-amd64 JRE (1.7.0_51-b13), built on Dec 18 2013 18:40:56 by "java_re" with unknown MS VC++:1600

time: Fri Mar 28 15:00:34 2014
elapsed time: 84 seconds

